2024-10-03 04:29:01,748 WARN received SIGTERM indicating exit request
2024-10-03 04:29:01,748 INFO waiting for npm_run_dev, queue_worker_email, nginx, octane to die
2024-10-03 04:29:01,781 INFO stopped: octane (exit status 0)
2024-10-03 04:29:01,781 INFO reaped unknown pid 125 (terminated by SIGKILL)
2024-10-03 04:29:01,781 INFO reaped unknown pid 126 (terminated by SIGKILL)
2024-10-03 04:29:01,781 INFO reaped unknown pid 131 (terminated by SIGKILL)
2024-10-03 04:29:01,781 INFO reaped unknown pid 132 (terminated by SIGKILL)
2024-10-03 04:29:01,781 INFO reaped unknown pid 133 (terminated by SIGKILL)
2024-10-03 04:29:01,781 INFO reaped unknown pid 134 (terminated by SIGKILL)
2024-10-03 04:29:01,781 INFO reaped unknown pid 135 (terminated by SIGKILL)
2024-10-03 04:29:01,781 INFO reaped unknown pid 136 (terminated by SIGKILL)
2024-10-03 04:29:01,781 INFO reaped unknown pid 137 (terminated by SIGKILL)
2024-10-03 04:29:01,781 INFO reaped unknown pid 138 (terminated by SIGKILL)
2024-10-03 04:29:01,781 INFO reaped unknown pid 139 (terminated by SIGKILL)
2024-10-03 04:29:01,781 INFO reaped unknown pid 140 (terminated by SIGKILL)
2024-10-03 04:29:01,781 INFO reaped unknown pid 141 (terminated by SIGKILL)
2024-10-03 04:29:01,781 INFO reaped unknown pid 142 (terminated by SIGKILL)
2024-10-03 04:29:01,781 INFO reaped unknown pid 143 (terminated by SIGKILL)
2024-10-03 04:29:01,781 INFO reaped unknown pid 144 (terminated by SIGKILL)
2024-10-03 04:29:01,781 INFO reaped unknown pid 145 (terminated by SIGKILL)
2024-10-03 04:29:01,781 INFO reaped unknown pid 146 (terminated by SIGKILL)
2024-10-03 04:29:01,781 INFO reaped unknown pid 147 (terminated by SIGKILL)
2024-10-03 04:29:01,781 INFO reaped unknown pid 148 (terminated by SIGKILL)
2024-10-03 04:29:01,781 INFO reaped unknown pid 13206 (terminated by SIGKILL)
2024-10-03 04:29:01,781 INFO reaped unknown pid 13295 (terminated by SIGKILL)
2024-10-03 04:29:01,781 INFO reaped unknown pid 13320 (terminated by SIGKILL)
2024-10-03 04:29:01,781 INFO reaped unknown pid 13541 (terminated by SIGKILL)
2024-10-03 04:29:01,782 INFO reaped unknown pid 13546 (terminated by SIGKILL)
2024-10-03 04:29:01,782 INFO reaped unknown pid 13555 (terminated by SIGKILL)
2024-10-03 04:29:01,782 INFO reaped unknown pid 14276 (terminated by SIGKILL)
2024-10-03 04:29:01,782 INFO reaped unknown pid 14435 (terminated by SIGKILL)
2024-10-03 04:29:01,782 INFO reaped unknown pid 15336 (terminated by SIGKILL)
2024-10-03 04:29:01,782 INFO reaped unknown pid 15405 (terminated by SIGKILL)
2024-10-03 04:29:01,782 INFO reaped unknown pid 15422 (terminated by SIGKILL)
2024-10-03 04:29:01,782 INFO reaped unknown pid 15687 (terminated by SIGKILL)
2024-10-03 04:29:01,782 INFO reaped unknown pid 16196 (terminated by SIGKILL)
2024-10-03 04:29:01,782 INFO reaped unknown pid 16353 (terminated by SIGKILL)
2024-10-03 04:29:01,782 INFO reaped unknown pid 16522 (terminated by SIGKILL)
2024-10-03 04:29:01,782 INFO reaped unknown pid 17019 (terminated by SIGKILL)
2024-10-03 04:29:01,782 INFO reaped unknown pid 17248 (terminated by SIGKILL)
2024-10-03 04:29:01,782 INFO reaped unknown pid 18021 (terminated by SIGKILL)
2024-10-03 04:29:01,782 INFO reaped unknown pid 19010 (terminated by SIGKILL)
2024-10-03 04:29:01,782 INFO reaped unknown pid 19067 (terminated by SIGKILL)
2024-10-03 04:29:01,782 INFO reaped unknown pid 84 (terminated by SIGKILL)
2024-10-03 04:29:02,821 INFO stopped: nginx (exit status 0)
2024-10-03 04:29:04,824 WARN stopped: queue_worker_email (terminated by SIGTERM)
2024-10-03 04:29:04,824 INFO waiting for npm_run_dev to die
2024-10-03 04:29:04,912 INFO stopped: npm_run_dev (exit status 0)
2024-10-03 04:29:04,912 INFO reaped unknown pid 152 (exit status 0)
2024-10-03 04:29:05,712 CRIT Supervisor is running as root.  Privileges were not dropped because no user is specified in the config file.  If you intend to run as root, you can set user=root in the config file to avoid this message.
2024-10-03 04:29:05,713 INFO supervisord started with pid 1
2024-10-03 04:29:06,716 INFO spawned: 'npm_run_dev' with pid 7
2024-10-03 04:29:06,720 INFO spawned: 'artisan_migrate' with pid 8
2024-10-03 04:29:06,723 INFO spawned: 'queue_worker_email' with pid 9
2024-10-03 04:29:06,725 INFO spawned: 'composer' with pid 10
2024-10-03 04:29:06,727 INFO spawned: 'nginx' with pid 11
2024-10-03 04:29:06,730 INFO spawned: 'npm_install' with pid 12
2024-10-03 04:29:06,732 INFO spawned: 'octane' with pid 13
2024-10-03 04:29:06,862 INFO success: composer entered RUNNING state, process has stayed up for > than 0 seconds (startsecs)
2024-10-03 04:29:06,862 INFO success: npm_install entered RUNNING state, process has stayed up for > than 0 seconds (startsecs)
2024-10-03 04:29:06,928 WARN exited: artisan_migrate (exit status 0; not expected)
2024-10-03 04:29:08,301 INFO spawned: 'artisan_migrate' with pid 158
2024-10-03 04:29:08,301 INFO success: nginx entered RUNNING state, process has stayed up for > than 1 seconds (startsecs)
2024-10-03 04:29:08,301 INFO success: octane entered RUNNING state, process has stayed up for > than 1 seconds (startsecs)
2024-10-03 04:29:08,306 INFO exited: npm_install (exit status 0; expected)
2024-10-03 04:29:08,481 WARN exited: artisan_migrate (exit status 0; not expected)
2024-10-03 04:29:09,108 INFO exited: composer (exit status 0; expected)
2024-10-03 04:29:11,112 INFO spawned: 'artisan_migrate' with pid 171
2024-10-03 04:29:11,309 WARN exited: artisan_migrate (exit status 0; not expected)
2024-10-03 04:29:11,818 INFO success: npm_run_dev entered RUNNING state, process has stayed up for > than 5 seconds (startsecs)
2024-10-03 04:29:11,818 INFO success: queue_worker_email entered RUNNING state, process has stayed up for > than 5 seconds (startsecs)
2024-10-03 04:29:14,824 INFO spawned: 'artisan_migrate' with pid 178
2024-10-03 04:29:15,026 WARN exited: artisan_migrate (exit status 0; not expected)
2024-10-03 04:29:16,028 INFO gave up: artisan_migrate entered FATAL state, too many start retries too quickly
2024-10-03 07:08:41,151 WARN exited: queue_worker_email (terminated by SIGTERM; not expected)
2024-10-03 07:08:41,151 INFO reaped unknown pid 12496 (terminated by SIGTERM)
2024-10-03 07:08:41,151 WARN received SIGTERM indicating exit request
2024-10-03 07:08:41,152 INFO waiting for npm_run_dev, nginx, octane to die
2024-10-03 07:08:41,180 INFO stopped: octane (exit status 0)
2024-10-03 07:08:41,180 INFO reaped unknown pid 9618 (exit status 0)
2024-10-03 07:08:41,180 INFO reaped unknown pid 9619 (exit status 0)
2024-10-03 07:08:41,180 INFO reaped unknown pid 9620 (exit status 0)
2024-10-03 07:08:41,180 INFO reaped unknown pid 9621 (exit status 0)
2024-10-03 07:08:41,180 INFO reaped unknown pid 9622 (terminated by SIGKILL)
2024-10-03 07:08:41,180 INFO reaped unknown pid 9624 (exit status 0)
2024-10-03 07:08:41,180 INFO reaped unknown pid 9625 (exit status 0)
2024-10-03 07:08:41,180 INFO reaped unknown pid 9626 (exit status 0)
2024-10-03 07:08:41,180 INFO reaped unknown pid 9627 (exit status 0)
2024-10-03 07:08:41,180 INFO reaped unknown pid 9629 (exit status 0)
2024-10-03 07:08:41,180 INFO reaped unknown pid 9630 (exit status 0)
2024-10-03 07:08:41,180 INFO reaped unknown pid 9631 (exit status 0)
2024-10-03 07:08:41,180 INFO reaped unknown pid 9632 (exit status 0)
2024-10-03 07:08:41,180 INFO reaped unknown pid 9633 (exit status 0)
2024-10-03 07:08:41,180 INFO reaped unknown pid 9634 (exit status 0)
2024-10-03 07:08:41,180 INFO reaped unknown pid 9635 (exit status 0)
2024-10-03 07:08:41,180 INFO reaped unknown pid 9636 (terminated by SIGKILL)
2024-10-03 07:08:41,180 INFO reaped unknown pid 9637 (exit status 0)
2024-10-03 07:08:41,180 INFO reaped unknown pid 9638 (exit status 0)
2024-10-03 07:08:41,180 INFO reaped unknown pid 9639 (terminated by SIGKILL)
2024-10-03 07:08:41,180 INFO reaped unknown pid 9640 (terminated by SIGKILL)
2024-10-03 07:08:41,180 INFO reaped unknown pid 9641 (terminated by SIGKILL)
2024-10-03 07:08:41,180 INFO reaped unknown pid 9642 (terminated by SIGKILL)
2024-10-03 07:08:41,180 INFO reaped unknown pid 9643 (terminated by SIGKILL)
2024-10-03 07:08:41,181 INFO reaped unknown pid 9644 (terminated by SIGKILL)
2024-10-03 07:08:41,181 INFO reaped unknown pid 9645 (terminated by SIGKILL)
2024-10-03 07:08:41,181 INFO reaped unknown pid 9646 (exit status 0)
2024-10-03 07:08:41,181 INFO reaped unknown pid 9647 (terminated by SIGKILL)
2024-10-03 07:08:41,181 INFO reaped unknown pid 9648 (exit status 0)
2024-10-03 07:08:41,181 INFO reaped unknown pid 9649 (exit status 0)
2024-10-03 07:08:41,181 INFO reaped unknown pid 9650 (terminated by SIGKILL)
2024-10-03 07:08:41,181 INFO reaped unknown pid 9651 (exit status 0)
2024-10-03 07:08:41,181 INFO reaped unknown pid 9652 (terminated by SIGKILL)
2024-10-03 07:08:41,181 INFO reaped unknown pid 9653 (terminated by SIGKILL)
2024-10-03 07:08:41,181 INFO reaped unknown pid 9654 (exit status 0)
2024-10-03 07:08:41,181 INFO reaped unknown pid 9655 (terminated by SIGKILL)
2024-10-03 07:08:41,181 INFO reaped unknown pid 9656 (exit status 0)
2024-10-03 07:08:41,181 INFO reaped unknown pid 12037 (exit status 0)
2024-10-03 07:08:41,181 INFO reaped unknown pid 12042 (exit status 0)
2024-10-03 07:08:41,181 INFO reaped unknown pid 88 (terminated by SIGKILL)
2024-10-03 07:08:41,190 INFO exited: nginx (exit status 0; expected)
2024-10-03 07:08:41,190 WARN received SIGTERM indicating exit request
2024-10-03 07:08:41,195 INFO exited: npm_run_dev (exit status 0; expected)
2024-10-03 07:08:41,195 INFO reaped unknown pid 149 (terminated by SIGTERM)
2024-10-03 18:14:32,222 CRIT Supervisor is running as root.  Privileges were not dropped because no user is specified in the config file.  If you intend to run as root, you can set user=root in the config file to avoid this message.
2024-10-03 18:14:32,241 INFO supervisord started with pid 1
2024-10-03 18:14:33,250 INFO spawned: 'npm_run_dev' with pid 7
2024-10-03 18:14:33,260 INFO spawned: 'artisan_migrate' with pid 8
2024-10-03 18:14:33,270 INFO spawned: 'queue_worker_email' with pid 9
2024-10-03 18:14:33,278 INFO spawned: 'composer' with pid 10
2024-10-03 18:14:33,287 INFO spawned: 'nginx' with pid 11
2024-10-03 18:14:33,295 INFO spawned: 'npm_install' with pid 12
2024-10-03 18:14:33,304 INFO spawned: 'octane' with pid 13
2024-10-03 18:14:34,311 INFO success: composer entered RUNNING state, process has stayed up for > than 0 seconds (startsecs)
2024-10-03 18:14:34,311 INFO success: nginx entered RUNNING state, process has stayed up for > than 1 seconds (startsecs)
2024-10-03 18:14:34,312 INFO success: npm_install entered RUNNING state, process has stayed up for > than 0 seconds (startsecs)
2024-10-03 18:14:34,312 INFO success: octane entered RUNNING state, process has stayed up for > than 1 seconds (startsecs)
2024-10-03 18:14:36,521 WARN exited: artisan_migrate (exit status 0; not expected)
2024-10-03 18:14:37,547 INFO spawned: 'artisan_migrate' with pid 149
2024-10-03 18:14:38,562 INFO success: npm_run_dev entered RUNNING state, process has stayed up for > than 5 seconds (startsecs)
2024-10-03 18:14:38,564 INFO success: queue_worker_email entered RUNNING state, process has stayed up for > than 5 seconds (startsecs)
2024-10-03 18:14:39,700 WARN exited: artisan_migrate (exit status 0; not expected)
2024-10-03 18:14:40,887 INFO exited: npm_install (exit status 0; expected)
2024-10-03 18:14:41,888 INFO spawned: 'artisan_migrate' with pid 168
2024-10-03 18:14:42,165 WARN exited: artisan_migrate (exit status 0; not expected)
2024-10-03 18:14:43,577 INFO exited: composer (exit status 0; expected)
2024-10-03 18:14:45,580 INFO spawned: 'artisan_migrate' with pid 181
2024-10-03 18:14:45,857 WARN exited: artisan_migrate (exit status 0; not expected)
2024-10-03 18:14:46,857 INFO gave up: artisan_migrate entered FATAL state, too many start retries too quickly
2024-10-04 03:12:23,879 WARN exited: queue_worker_email (terminated by SIGTERM; not expected)
2024-10-04 03:12:23,879 INFO reaped unknown pid 40888 (terminated by SIGTERM)
2024-10-04 03:12:23,879 WARN received SIGTERM indicating exit request
2024-10-04 03:12:23,879 INFO waiting for npm_run_dev, nginx, octane to die
2024-10-04 03:12:23,913 INFO stopped: octane (exit status 0)
2024-10-04 03:12:23,913 INFO reaped unknown pid 129 (exit status 0)
2024-10-04 03:12:23,913 INFO reaped unknown pid 130 (exit status 0)
2024-10-04 03:12:23,913 INFO reaped unknown pid 131 (exit status 0)
2024-10-04 03:12:23,913 INFO reaped unknown pid 132 (exit status 0)
2024-10-04 03:12:23,913 INFO reaped unknown pid 133 (exit status 0)
2024-10-04 03:12:23,913 INFO reaped unknown pid 134 (exit status 0)
2024-10-04 03:12:23,913 INFO reaped unknown pid 135 (exit status 0)
2024-10-04 03:12:23,913 INFO reaped unknown pid 136 (exit status 0)
2024-10-04 03:12:23,913 INFO reaped unknown pid 137 (exit status 0)
2024-10-04 03:12:23,913 INFO reaped unknown pid 138 (exit status 0)
2024-10-04 03:12:23,913 INFO reaped unknown pid 139 (exit status 0)
2024-10-04 03:12:23,913 INFO reaped unknown pid 140 (exit status 0)
2024-10-04 03:12:23,913 INFO reaped unknown pid 141 (exit status 0)
2024-10-04 03:12:23,913 INFO reaped unknown pid 142 (exit status 0)
2024-10-04 03:12:23,913 INFO reaped unknown pid 143 (terminated by SIGKILL)
2024-10-04 03:12:23,913 INFO reaped unknown pid 144 (exit status 0)
2024-10-04 03:12:23,913 INFO reaped unknown pid 145 (exit status 0)
2024-10-04 03:12:23,913 INFO reaped unknown pid 146 (exit status 0)
2024-10-04 03:12:23,913 INFO reaped unknown pid 147 (exit status 0)
2024-10-04 03:12:23,913 INFO reaped unknown pid 148 (exit status 0)
2024-10-04 03:12:23,913 INFO reaped unknown pid 26984 (exit status 0)
2024-10-04 03:12:23,913 INFO reaped unknown pid 27805 (exit status 0)
2024-10-04 03:12:23,913 INFO reaped unknown pid 28102 (exit status 0)
2024-10-04 03:12:23,913 INFO reaped unknown pid 29287 (exit status 0)
2024-10-04 03:12:23,913 INFO reaped unknown pid 30716 (exit status 0)
2024-10-04 03:12:23,913 INFO reaped unknown pid 30741 (exit status 0)
2024-10-04 03:12:23,913 INFO reaped unknown pid 30858 (exit status 0)
2024-10-04 03:12:23,913 INFO reaped unknown pid 30900 (exit status 0)
2024-10-04 03:12:23,913 INFO reaped unknown pid 31456 (exit status 0)
2024-10-04 03:12:23,913 INFO reaped unknown pid 31621 (exit status 0)
2024-10-04 03:12:23,914 INFO reaped unknown pid 32230 (exit status 0)
2024-10-04 03:12:23,914 INFO reaped unknown pid 32363 (exit status 0)
2024-10-04 03:12:23,914 INFO reaped unknown pid 32384 (exit status 0)
2024-10-04 03:12:23,914 INFO reaped unknown pid 32533 (exit status 0)
2024-10-04 03:12:23,914 INFO reaped unknown pid 32650 (exit status 0)
2024-10-04 03:12:23,914 INFO reaped unknown pid 32779 (exit status 0)
2024-10-04 03:12:23,914 INFO reaped unknown pid 33036 (exit status 0)
2024-10-04 03:12:23,914 INFO reaped unknown pid 34157 (exit status 0)
2024-10-04 03:12:23,914 INFO reaped unknown pid 34638 (exit status 0)
2024-10-04 03:12:23,914 INFO reaped unknown pid 37175 (exit status 0)
2024-10-04 03:12:23,914 INFO reaped unknown pid 88 (terminated by SIGKILL)
2024-10-04 03:12:23,919 INFO exited: nginx (exit status 0; expected)
2024-10-04 03:12:23,919 WARN received SIGTERM indicating exit request
2024-10-04 03:12:23,983 INFO exited: npm_run_dev (exit status 0; expected)
2024-10-04 03:12:23,983 INFO reaped unknown pid 150 (terminated by SIGTERM)
2024-10-04 14:14:39,710 CRIT Supervisor is running as root.  Privileges were not dropped because no user is specified in the config file.  If you intend to run as root, you can set user=root in the config file to avoid this message.
2024-10-04 14:14:39,712 INFO supervisord started with pid 1
2024-10-04 14:14:40,715 INFO spawned: 'npm_run_dev' with pid 7
2024-10-04 14:14:40,716 INFO spawned: 'artisan_migrate' with pid 8
2024-10-04 14:14:40,716 INFO spawned: 'queue_worker_email' with pid 9
2024-10-04 14:14:40,717 INFO spawned: 'composer' with pid 10
2024-10-04 14:14:40,718 INFO spawned: 'nginx' with pid 11
2024-10-04 14:14:40,718 INFO spawned: 'npm_install' with pid 12
2024-10-04 14:14:40,719 INFO spawned: 'octane' with pid 13
2024-10-04 14:14:40,869 INFO success: composer entered RUNNING state, process has stayed up for > than 0 seconds (startsecs)
2024-10-04 14:14:40,869 INFO success: npm_install entered RUNNING state, process has stayed up for > than 0 seconds (startsecs)
2024-10-04 14:14:40,969 WARN exited: artisan_migrate (exit status 0; not expected)
2024-10-04 14:14:41,815 INFO success: nginx entered RUNNING state, process has stayed up for > than 1 seconds (startsecs)
2024-10-04 14:14:41,815 INFO success: octane entered RUNNING state, process has stayed up for > than 1 seconds (startsecs)
2024-10-04 14:14:41,820 INFO exited: npm_install (exit status 0; expected)
2024-10-04 14:14:42,823 INFO spawned: 'artisan_migrate' with pid 159
2024-10-04 14:14:43,006 WARN exited: artisan_migrate (exit status 0; not expected)
2024-10-04 14:14:43,852 INFO exited: composer (exit status 0; expected)
2024-10-04 14:14:45,854 INFO success: npm_run_dev entered RUNNING state, process has stayed up for > than 5 seconds (startsecs)
2024-10-04 14:14:45,856 INFO spawned: 'artisan_migrate' with pid 172
2024-10-04 14:14:45,856 INFO success: queue_worker_email entered RUNNING state, process has stayed up for > than 5 seconds (startsecs)
2024-10-04 14:14:46,042 WARN exited: artisan_migrate (exit status 0; not expected)
2024-10-04 14:14:49,046 INFO spawned: 'artisan_migrate' with pid 179
2024-10-04 14:14:49,220 WARN exited: artisan_migrate (exit status 0; not expected)
2024-10-04 14:14:50,221 INFO gave up: artisan_migrate entered FATAL state, too many start retries too quickly
2024-10-04 22:35:40,492 WARN exited: queue_worker_email (terminated by SIGTERM; not expected)
2024-10-04 22:35:40,493 INFO reaped unknown pid 38074 (terminated by SIGTERM)
2024-10-04 22:35:40,493 INFO reaped unknown pid 129 (terminated by SIGKILL)
2024-10-04 22:35:40,493 INFO reaped unknown pid 130 (exit status 0)
2024-10-04 22:35:40,493 INFO reaped unknown pid 131 (exit status 0)
2024-10-04 22:35:40,493 INFO reaped unknown pid 132 (exit status 0)
2024-10-04 22:35:40,494 INFO reaped unknown pid 133 (exit status 0)
2024-10-04 22:35:40,494 INFO reaped unknown pid 134 (exit status 0)
2024-10-04 22:35:40,494 INFO reaped unknown pid 135 (exit status 0)
2024-10-04 22:35:40,494 INFO reaped unknown pid 136 (exit status 0)
2024-10-04 22:35:40,494 INFO reaped unknown pid 137 (exit status 0)
2024-10-04 22:35:40,494 INFO reaped unknown pid 138 (exit status 0)
2024-10-04 22:35:40,494 INFO reaped unknown pid 139 (terminated by SIGKILL)
2024-10-04 22:35:40,495 INFO reaped unknown pid 140 (exit status 0)
2024-10-04 22:35:40,495 INFO reaped unknown pid 141 (terminated by SIGKILL)
2024-10-04 22:35:40,495 INFO reaped unknown pid 142 (exit status 0)
2024-10-04 22:35:40,495 INFO reaped unknown pid 143 (terminated by SIGKILL)
2024-10-04 22:35:40,495 INFO reaped unknown pid 144 (terminated by SIGKILL)
2024-10-04 22:35:40,495 INFO reaped unknown pid 145 (terminated by SIGKILL)
2024-10-04 22:35:40,496 INFO reaped unknown pid 146 (exit status 0)
2024-10-04 22:35:40,496 INFO reaped unknown pid 147 (terminated by SIGKILL)
2024-10-04 22:35:40,496 INFO reaped unknown pid 148 (terminated by SIGKILL)
2024-10-04 22:35:40,496 INFO reaped unknown pid 26848 (terminated by SIGKILL)
2024-10-04 22:35:40,496 INFO reaped unknown pid 26985 (exit status 0)
2024-10-04 22:35:40,496 INFO reaped unknown pid 28862 (terminated by SIGKILL)
2024-10-04 22:35:40,496 INFO reaped unknown pid 29003 (terminated by SIGKILL)
2024-10-04 22:35:40,496 INFO reaped unknown pid 29240 (terminated by SIGKILL)
2024-10-04 22:35:40,496 INFO reaped unknown pid 29349 (exit status 0)
2024-10-04 22:35:40,496 INFO reaped unknown pid 30071 (terminated by SIGKILL)
2024-10-04 22:35:40,496 INFO reaped unknown pid 30131 (exit status 0)
2024-10-04 22:35:40,496 INFO reaped unknown pid 30420 (terminated by SIGKILL)
2024-10-04 22:35:40,497 INFO exited: octane (exit status 0; expected)
2024-10-04 22:35:40,497 INFO reaped unknown pid 30673 (terminated by SIGKILL)
2024-10-04 22:35:40,497 INFO reaped unknown pid 30982 (terminated by SIGKILL)
2024-10-04 22:35:40,497 INFO reaped unknown pid 31199 (terminated by SIGKILL)
2024-10-04 22:35:40,497 INFO reaped unknown pid 31256 (terminated by SIGKILL)
2024-10-04 22:35:40,497 INFO reaped unknown pid 31373 (terminated by SIGKILL)
2024-10-04 22:35:40,497 INFO reaped unknown pid 31814 (terminated by SIGKILL)
2024-10-04 22:35:40,497 INFO reaped unknown pid 31859 (terminated by SIGKILL)
2024-10-04 22:35:40,497 INFO reaped unknown pid 33416 (terminated by SIGKILL)
2024-10-04 22:35:40,497 INFO reaped unknown pid 33865 (terminated by SIGKILL)
2024-10-04 22:35:40,497 INFO reaped unknown pid 34102 (terminated by SIGKILL)
2024-10-04 22:35:40,497 INFO reaped unknown pid 35149 (terminated by SIGKILL)
2024-10-04 22:35:40,497 INFO reaped unknown pid 88 (terminated by SIGKILL)
2024-10-04 22:35:40,497 WARN received SIGTERM indicating exit request
2024-10-04 22:35:40,498 INFO waiting for npm_run_dev, nginx to die
2024-10-04 22:35:40,508 INFO exited: nginx (exit status 0; expected)
2024-10-04 22:35:40,508 WARN received SIGTERM indicating exit request
2024-10-04 22:35:40,559 INFO exited: npm_run_dev (exit status 0; expected)
2024-10-04 22:35:40,559 INFO reaped unknown pid 152 (terminated by SIGTERM)
2024-10-05 05:14:38,692 CRIT Supervisor is running as root.  Privileges were not dropped because no user is specified in the config file.  If you intend to run as root, you can set user=root in the config file to avoid this message.
2024-10-05 05:14:38,694 INFO supervisord started with pid 1
2024-10-05 05:14:39,696 INFO spawned: 'npm_run_dev' with pid 7
2024-10-05 05:14:39,698 INFO spawned: 'artisan_migrate' with pid 8
2024-10-05 05:14:39,699 INFO spawned: 'queue_worker_email' with pid 9
2024-10-05 05:14:39,700 INFO spawned: 'composer' with pid 10
2024-10-05 05:14:39,702 INFO spawned: 'nginx' with pid 11
2024-10-05 05:14:39,702 INFO spawned: 'npm_install' with pid 12
2024-10-05 05:14:39,703 INFO spawned: 'octane' with pid 13
2024-10-05 05:14:39,844 INFO success: composer entered RUNNING state, process has stayed up for > than 0 seconds (startsecs)
2024-10-05 05:14:39,845 INFO success: npm_install entered RUNNING state, process has stayed up for > than 0 seconds (startsecs)
2024-10-05 05:14:39,963 WARN exited: artisan_migrate (exit status 0; not expected)
2024-10-05 05:14:41,009 INFO spawned: 'artisan_migrate' with pid 159
2024-10-05 05:14:41,009 INFO success: nginx entered RUNNING state, process has stayed up for > than 1 seconds (startsecs)
2024-10-05 05:14:41,009 INFO success: octane entered RUNNING state, process has stayed up for > than 1 seconds (startsecs)
2024-10-05 05:14:41,014 INFO exited: npm_install (exit status 0; expected)
2024-10-05 05:14:41,196 WARN exited: artisan_migrate (exit status 0; not expected)
2024-10-05 05:14:42,707 INFO exited: composer (exit status 0; expected)
2024-10-05 05:14:43,708 INFO spawned: 'artisan_migrate' with pid 172
2024-10-05 05:14:43,877 WARN exited: artisan_migrate (exit status 0; not expected)
2024-10-05 05:14:44,878 INFO success: npm_run_dev entered RUNNING state, process has stayed up for > than 5 seconds (startsecs)
2024-10-05 05:14:44,878 INFO success: queue_worker_email entered RUNNING state, process has stayed up for > than 5 seconds (startsecs)
2024-10-05 05:14:46,882 INFO spawned: 'artisan_migrate' with pid 179
2024-10-05 05:14:47,068 WARN exited: artisan_migrate (exit status 0; not expected)
2024-10-05 05:14:48,070 INFO gave up: artisan_migrate entered FATAL state, too many start retries too quickly
2024-10-05 05:58:51,462 WARN exited: queue_worker_email (exit status 1; not expected)
2024-10-05 05:58:52,464 INFO spawned: 'queue_worker_email' with pid 1689
2024-10-05 05:58:57,634 INFO success: queue_worker_email entered RUNNING state, process has stayed up for > than 5 seconds (startsecs)
2024-10-05 16:03:29,463 WARN exited: queue_worker_email (exit status 1; not expected)
2024-10-05 16:03:30,465 INFO spawned: 'queue_worker_email' with pid 8246
2024-10-05 16:03:35,638 INFO success: queue_worker_email entered RUNNING state, process has stayed up for > than 5 seconds (startsecs)
2024-10-05 16:18:52,749 WARN exited: queue_worker_email (terminated by SIGTERM; not expected)
2024-10-05 16:18:52,749 INFO reaped unknown pid 9409 (terminated by SIGTERM)
2024-10-05 16:18:52,749 WARN received SIGTERM indicating exit request
2024-10-05 16:18:52,749 INFO waiting for npm_run_dev, nginx, octane to die
2024-10-05 16:18:52,756 INFO exited: nginx (exit status 0; expected)
2024-10-05 16:18:52,768 INFO stopped: octane (exit status 0)
2024-10-05 16:18:52,768 INFO reaped unknown pid 100 (exit status 0)
2024-10-05 16:18:52,768 INFO reaped unknown pid 106 (exit status 0)
2024-10-05 16:18:52,768 INFO reaped unknown pid 107 (exit status 0)
2024-10-05 16:18:52,768 INFO reaped unknown pid 109 (exit status 0)
2024-10-05 16:18:52,768 INFO reaped unknown pid 110 (exit status 0)
2024-10-05 16:18:52,768 INFO reaped unknown pid 111 (exit status 0)
2024-10-05 16:18:52,769 INFO reaped unknown pid 112 (exit status 0)
2024-10-05 16:18:52,769 INFO reaped unknown pid 113 (exit status 0)
2024-10-05 16:18:52,769 INFO reaped unknown pid 114 (exit status 0)
2024-10-05 16:18:52,769 INFO reaped unknown pid 115 (exit status 0)
2024-10-05 16:18:52,769 INFO reaped unknown pid 116 (exit status 0)
2024-10-05 16:18:52,769 INFO reaped unknown pid 117 (exit status 0)
2024-10-05 16:18:52,769 INFO reaped unknown pid 118 (exit status 0)
2024-10-05 16:18:52,769 INFO reaped unknown pid 119 (exit status 0)
2024-10-05 16:18:52,769 INFO reaped unknown pid 120 (exit status 0)
2024-10-05 16:18:52,769 INFO reaped unknown pid 121 (exit status 0)
2024-10-05 16:18:52,769 INFO reaped unknown pid 122 (exit status 0)
2024-10-05 16:18:52,769 INFO reaped unknown pid 123 (exit status 0)
2024-10-05 16:18:52,770 INFO reaped unknown pid 124 (exit status 0)
2024-10-05 16:18:52,770 INFO reaped unknown pid 141 (exit status 0)
2024-10-05 16:18:52,770 INFO reaped unknown pid 142 (exit status 0)
2024-10-05 16:18:52,770 INFO reaped unknown pid 143 (exit status 0)
2024-10-05 16:18:52,770 INFO reaped unknown pid 144 (exit status 0)
2024-10-05 16:18:52,770 INFO reaped unknown pid 145 (exit status 0)
2024-10-05 16:18:52,770 INFO reaped unknown pid 84 (terminated by SIGKILL)
2024-10-05 16:18:52,770 WARN received SIGTERM indicating exit request
2024-10-05 16:18:52,829 INFO exited: npm_run_dev (exit status 0; expected)
2024-10-05 16:18:52,829 INFO reaped unknown pid 152 (terminated by SIGTERM)
2024-10-05 17:12:09,846 CRIT Supervisor is running as root.  Privileges were not dropped because no user is specified in the config file.  If you intend to run as root, you can set user=root in the config file to avoid this message.
2024-10-05 17:12:09,849 INFO supervisord started with pid 1
2024-10-05 17:12:10,852 INFO spawned: 'npm_run_dev' with pid 7
2024-10-05 17:12:10,853 INFO spawned: 'artisan_migrate' with pid 8
2024-10-05 17:12:10,854 INFO spawned: 'queue_worker_email' with pid 9
2024-10-05 17:12:10,854 INFO spawned: 'composer' with pid 10
2024-10-05 17:12:10,855 INFO spawned: 'nginx' with pid 11
2024-10-05 17:12:10,856 INFO spawned: 'npm_install' with pid 12
2024-10-05 17:12:10,857 INFO spawned: 'octane' with pid 13
2024-10-05 17:12:10,993 INFO success: composer entered RUNNING state, process has stayed up for > than 0 seconds (startsecs)
2024-10-05 17:12:10,993 INFO success: npm_install entered RUNNING state, process has stayed up for > than 0 seconds (startsecs)
2024-10-05 17:12:11,133 WARN exited: artisan_migrate (exit status 0; not expected)
2024-10-05 17:12:12,788 INFO spawned: 'artisan_migrate' with pid 159
2024-10-05 17:12:12,789 INFO success: nginx entered RUNNING state, process has stayed up for > than 1 seconds (startsecs)
2024-10-05 17:12:12,789 INFO success: octane entered RUNNING state, process has stayed up for > than 1 seconds (startsecs)
2024-10-05 17:12:12,956 WARN exited: artisan_migrate (exit status 0; not expected)
2024-10-05 17:12:13,900 INFO exited: composer (exit status 0; expected)
2024-10-05 17:12:15,902 INFO success: npm_run_dev entered RUNNING state, process has stayed up for > than 5 seconds (startsecs)
2024-10-05 17:12:15,903 INFO spawned: 'artisan_migrate' with pid 172
2024-10-05 17:12:15,904 INFO success: queue_worker_email entered RUNNING state, process has stayed up for > than 5 seconds (startsecs)
2024-10-05 17:12:16,076 WARN exited: artisan_migrate (exit status 0; not expected)
2024-10-05 17:12:17,251 INFO exited: npm_install (exit status 0; expected)
2024-10-05 17:12:19,254 INFO spawned: 'artisan_migrate' with pid 179
2024-10-05 17:12:19,451 WARN exited: artisan_migrate (exit status 0; not expected)
2024-10-05 17:12:20,452 INFO gave up: artisan_migrate entered FATAL state, too many start retries too quickly
2024-10-06 02:23:05,357 WARN exited: queue_worker_email (exit status 1; not expected)
2024-10-06 02:23:06,358 INFO spawned: 'queue_worker_email' with pid 7330
2024-10-06 02:23:11,531 INFO success: queue_worker_email entered RUNNING state, process has stayed up for > than 5 seconds (startsecs)
